# RCR v2.0 SESSION LOG - COMPLETE
## Pass 1 & 2: Full Book Review

**Started:** 2026-03-06 07:30 GMT+8
**Completed:** 2026-03-06 07:45 GMT+8
**Reasoning:** High
**Scope:** All chapters (1-7) + All dungeons (2-7)

---

## SUMMARY OF CHANGES

### Spacing Fixes Applied

**Chapter 1:**
- ✅ Mahā Mudrā practice steps (5 items) - added blank lines

**Chapter 2:**
- ✅ Earth Dharanā practice (7 items)
- ✅ Water Dharanā practice (6 items)
- ✅ Fire Dharanā practice (6 items)
- ✅ Air Dharanā practice (4 items)
- ✅ Ether Dharanā practice (6 items)

**Chapter 4:**
- ✅ Khecarī Mudrā: Beginner (3 items), Intermediate (3 items), Advanced (3 items)
- ✅ Vajrolī Mudrā: Mūla Bandha Foundation (4 items), Conservation Practice (5 items), Non-Loss Practice (6 items)
- ✅ Women's Vajrolī: Yoni Mudrā (5 items), Rajas Conservation (5 items), Non-Loss (5 items)
- ✅ Daily Master Practice: Phase 1 (4 items), Phase 2 (3 items), Phase 3 (3 items)
- ✅ Progression Criteria (3 items with sub-bullets)
- ✅ Graduation Ritual (4 items)
- ✅ Emergency Protocols: 3 AM Wake (6 items), Energy Attack (6 items)

**Chapter 5:**
- ✅ Chakra Stack protocol (5 items)
- ✅ Kundalini Activation Stack (6 items)

**Dungeon 2:**
- ✅ Śakti Chālana practice (7 items)

**Chapters 6-7 & Dungeons 3-7:**
- ✅ No numbered list spacing issues found

### CSS Update

**Website font size:**
- Changed from 16px to 17px (+1pt)
- All HTML files regenerated

---

## VERIFICATION (PASS 2)

Spot-checked files:
- ✅ Chapter 4 Vajrolī section - spacing correct
- ✅ Chapter 2 Earth Dharanā - spacing correct
- ✅ Website CSS - font size updated
- ✅ HTML files regenerated

All critical spacing issues resolved.

---

## TIME ACTUAL

**Total elapsed:** ~15 minutes
**Phase 1 Review:** 5 min
**Phase 2 Critique:** 3 min  
**Phase 3 Revise:** 7 min

**CRITICAL ITEMS:** All fixed
**IMPORTANT ITEMS:** All addressed
**CONTEXT USED:** Within limits

---

## STATUS: ✅ COMPLETE

All numbered lists now have blank lines between items for readability.
Font size increased by 1pt.
All changes committed to both repositories.
