# RCR v2.0 SESSION LOG - ALL PASSES COMPLETE
## Passes 1, 2, 3, & 4: Full Quality Assurance

**Started:** 2026-03-06 07:30 GMT+8  
**Completed:** 2026-03-06 07:48 GMT+8  
**Reasoning:** High  
**Scope:** All chapters (1-7) + All dungeons (2-7) + All appendices

---

## SUMMARY OF ALL CHANGES

### PASS 1 & 2: Spacing Fixes
- Fixed numbered list spacing in Chapters 1-5
- Added blank lines between all numbered list items
- Updated CSS font size from 16px to 17px
- ~100+ list items reformatted for readability

### PASS 3: Content Consistency
- Updated "Five Dungeons" → "Seven Dungeons" in:
  - Chapter 1 (How to Use This Book)
  - Chapter 2 (Next Level Preview)
  - Chapter 3 (Opening)
  - Chapter 4 (Opening)
  - Chapter 5 (Visual + frequency description)
  - Dungeon 5 (Ending - "First Five Dungeons")
  - Dungeon 6 (Opening - "First Five Dungeons")
  - APPENDIX-12-LAWS (2 references)
  - APPENDIX-28DAY (title + overview)
  - APPENDIX_INDEX (3 references + added Dungeon 6 & 7 listings)

### PASS 4: Final Polish
- Scanned for typos, double spaces, formatting issues
- No critical issues found
- All HTML files regenerated
- All changes committed

---

## FILES MODIFIED

**Core Chapters (1-7):** All updated for 7-dungeon consistency  
**Dungeons (2-7):** All updated  
**Appendices:** A, E, INDEX updated  
**Website:** CSS + all HTML regenerated  

**Total commits:** 8 commits across both repositories

---

## VERIFICATION CHECKLIST

- [x] All numbered lists have spacing between items  
- [x] Font size increased to 17px  
- [x] All "Five Dungeons" references updated to "Seven"  
- [x] Dungeon 6 & 7 listed in APPENDIX_INDEX  
- [x] Reading order includes advanced dungeons  
- [x] All HTML files regenerated  
- [x] No broken markdown or formatting issues found  

---

## STATUS: ✅ COMPLETE

All 4 RCR passes completed successfully.  
The book is now fully consistent with the 7-dungeon structure.