# RCR v2.0 SESSION LOG - PASSES 3 & 4
## Pass 3 & 4: Deep Quality Assurance

**Started:** 2026-03-06 07:42 GMT+8
**Reasoning:** High
**Scope:** All chapters (1-7) + All dungeons (2-7) + All appendices

---

## PASS 3: STRUCTURAL & CONTENT REVIEW

**Focus Areas:**
1. Cross-reference accuracy (do links work?)
2. Consistency of terminology
3. Typos and formatting
4. Flow between sections
5. Missing or broken elements

**Method:** Read each file completely, note issues



---

## PASS 4: TYPO & FORMATTING CHECK

**Focus Areas:**
1. Spelling errors
2. Punctuation consistency
3. Markdown formatting
4. Broken links or references
5. Visual consistency

**Method:** Quick scan of all files for obvious issues


